msg: 7df#020101
ID: 2015
dlc: 2
data: [1, 1]
Request for Current Info:
	Engine RPM: 0
--------------------------------------
msg: 7df#02010d
ID: 2015
dlc: 2
data: [1, 13]
Request for Current Info:
	Vehicle Speed: 0
--------------------------------------
msg: 7df#02010f
ID: 2015
dlc: 2
data: [1, 15]
Request for Current Info:
	Driver Door Lock: 0
--------------------------------------
msg: 123#0101
ID: 291
dlc: 1
data: [1]
Locked Driver Door
--------------------------------------
msg: 7df#02010f
ID: 2015
dlc: 2
data: [1, 15]
Request for Current Info:
	Driver Door Lock: 1
--------------------------------------
msg: 100#0203e8
ID: 256
dlc: 2
data: [3, 232]
Set Engine RPM to 1000
--------------------------------------
msg: 7df#020101
ID: 2015
dlc: 2
data: [1, 1]
Request for Current Info:
	Engine RPM: 1000
--------------------------------------
msg: 10a#0141
ID: 266
dlc: 1
data: [65]
Set Vehicle Speed value to 65
--------------------------------------
msg: 7df#02010d
ID: 2015
dlc: 2
data: [1, 13]
Request for Current Info:
	Vehicle Speed: 65
--------------------------------------
